14:39:20.846 INFO [GridLauncherV3.parse] - Selenium server version: 3.141.59, revision: e82be7d358
14:39:20.965 INFO [GridLauncherV3.lambda$buildLaunchers$3] - Launching a standalone Selenium Server on port 4444
2019-09-24 14:39:21.021:INFO::main: Logging initialized @481ms to org.seleniumhq.jetty9.util.log.StdErrLog
14:39:21.314 INFO [WebDriverServlet.<init>] - Initialising WebDriverServlet
14:39:21.626 INFO [SeleniumServer.boot] - Selenium Server is up and running on port 4444
14:39:21.948 INFO [ActiveSessionFactory.apply] - Capabilities are: {
  "acceptSslCerts": true,
  "browserName": "chrome",
  "chromeOptions": {
    "w3c": false
  },
  "name": "Employee"
}
14:39:21.950 INFO [ActiveSessionFactory.lambda$apply$11] - Matched factory org.openqa.selenium.grid.session.remote.ServicedSession$Factory (provider: org.openqa.selenium.chrome.ChromeDriverService)
Starting ChromeDriver 77.0.3865.40 (f484704e052e0b556f8030b65b953dce96503217-refs/branch-heads/3865@{#442}) on port 6773
Only local connections are allowed.
Please protect ports used by ChromeDriver and related test frameworks to prevent access by malicious code.
14:39:24.683 INFO [ProtocolHandshake.createSession] - Detected dialect: OSS
14:39:25.073 INFO [RemoteSession$Factory.lambda$performHandshake$0] - Started new session 2dd8557b717dd2cae3b1494f584db154 (org.openqa.selenium.chrome.ChromeDriverService)
14:39:33.976 INFO [ActiveSessions$1.onStop] - Removing session 2dd8557b717dd2cae3b1494f584db154 (org.openqa.selenium.chrome.ChromeDriverService)
